# JRE version: Java(TM) SE Runtime Environment (20.0.2+9) (build 20.0.2+9-78)
# Java VM: Java HotSpot(TM) 64-Bit Server VM (20.0.2+9-78, mixed mode, sharing, tiered, compressed oops, compressed class ptrs, g1 gc, windows-amd64)
GC Precious Log:
 CardTable entry size: 512
 Card Set container configuration: InlinePtr #cards 5 size 8 Array Of Cards #cards 12 size 40 Howl #buckets 4 coarsen threshold 1843 Howl Bitmap #cards 512 size 80 coarsen threshold 460 Card regions per heap region 1 cards per card region 2048
 CPUs: 12 total, 12 available
 Memory: 5989M
 Large Page Support: Disabled
 NUMA Support: Disabled
 Compressed Oops: Enabled (32-bit)
 Heap Region Size: 1M
 Heap Min Capacity: 8M
 Heap Initial Capacity: 94M
 Heap Max Capacity: 1498M
 Pre-touch: Disabled
 Parallel Workers: 10
 Concurrent Workers: 3
 Concurrent Refinement Workers: 10
 Periodic GC: Disabled
Heap:
 garbage-first heap   total 71680K, used 57433K [0x00000000a2600000, 0x0000000100000000)
  region size 1024K, 31 young (31744K), 5 survivors (5120K)
 Metaspace       used 74074K, committed 74816K, reserved 1114112K
  class space    used 9635K, committed 9984K, reserved 1048576K
GC Heap History (20 events):
Event: 27.582 GC heap before
{Heap before GC invocations=6 (full 0):
 garbage-first heap   total 59392K, used 46128K [0x00000000a2600000, 0x0000000100000000)
  region size 1024K, 32 young (32768K), 3 survivors (3072K)
 Metaspace       used 33335K, committed 33792K, reserved 1114112K
  class space    used 3969K, committed 4160K, reserved 1048576K
}
Event: 27.591 GC heap after
{Heap after GC invocations=7 (full 0):
 garbage-first heap   total 59392K, used 19340K [0x00000000a2600000, 0x0000000100000000)
  region size 1024K, 4 young (4096K), 4 survivors (4096K)
 Metaspace       used 33335K, committed 33792K, reserved 1114112K
  class space    used 3969K, committed 4160K, reserved 1048576K
}
Event: 28.888 GC heap before
{Heap before GC invocations=7 (full 0):
 garbage-first heap   total 59392K, used 29580K [0x00000000a2600000, 0x0000000100000000)
  region size 1024K, 15 young (15360K), 4 survivors (4096K)
 Metaspace       used 35535K, committed 35968K, reserved 1114112K
  class space    used 4283K, committed 4480K, reserved 1048576K
}
Event: 28.898 GC heap after
{Heap after GC invocations=8 (full 0):
 garbage-first heap   total 59392K, used 20556K [0x00000000a2600000, 0x0000000100000000)
  region size 1024K, 4 young (4096K), 4 survivors (4096K)
 Metaspace       used 35535K, committed 35968K, reserved 1114112K
  class space    used 4283K, committed 4480K, reserved 1048576K
}
Event: 33.702 GC heap before
{Heap before GC invocations=9 (full 0):
 garbage-first heap   total 59392K, used 46156K [0x00000000a2600000, 0x0000000100000000)
  region size 1024K, 30 young (30720K), 4 survivors (4096K)
 Metaspace       used 39209K, committed 39616K, reserved 1114112K
  class space    used 4748K, committed 4928K, reserved 1048576K
}
Event: 33.900 GC heap after
{Heap after GC invocations=10 (full 0):
 garbage-first heap   total 59392K, used 22508K [0x00000000a2600000, 0x0000000100000000)
  region size 1024K, 4 young (4096K), 4 survivors (4096K)
 Metaspace       used 39209K, committed 39616K, reserved 1114112K
  class space    used 4748K, committed 4928K, reserved 1048576K
}
Event: 40.922 GC heap before
{Heap before GC invocations=10 (full 0):
 garbage-first heap   total 59392K, used 48108K [0x00000000a2600000, 0x0000000100000000)
  region size 1024K, 30 young (30720K), 4 survivors (4096K)
 Metaspace       used 43561K, committed 44096K, reserved 1114112K
  class space    used 5367K, committed 5568K, reserved 1048576K
}
Event: 40.937 GC heap after
{Heap after GC invocations=11 (full 0):
 garbage-first heap   total 59392K, used 23588K [0x00000000a2600000, 0x0000000100000000)
  region size 1024K, 4 young (4096K), 4 survivors (4096K)
 Metaspace       used 43561K, committed 44096K, reserved 1114112K
  class space    used 5367K, committed 5568K, reserved 1048576K
}
Event: 45.118 GC heap before
{Heap before GC invocations=11 (full 0):
 garbage-first heap   total 59392K, used 49188K [0x00000000a2600000, 0x0000000100000000)
  region size 1024K, 30 young (30720K), 4 survivors (4096K)
 Metaspace       used 49939K, committed 50496K, reserved 1114112K
  class space    used 6243K, committed 6464K, reserved 1048576K
}
Event: 45.131 GC heap after
{Heap after GC invocations=12 (full 0):
 garbage-first heap   total 59392K, used 25483K [0x00000000a2600000, 0x0000000100000000)
  region size 1024K, 4 young (4096K), 4 survivors (4096K)
 Metaspace       used 49939K, committed 50496K, reserved 1114112K
  class space    used 6243K, committed 6464K, reserved 1048576K
}
Event: 49.189 GC heap before
{Heap before GC invocations=12 (full 0):
 garbage-first heap   total 59392K, used 49035K [0x00000000a2600000, 0x0000000100000000)
  region size 1024K, 28 young (28672K), 4 survivors (4096K)
 Metaspace       used 54221K, committed 54784K, reserved 1114112K
  class space    used 6802K, committed 7040K, reserved 1048576K
}
Event: 49.210 GC heap after
{Heap after GC invocations=13 (full 0):
 garbage-first heap   total 59392K, used 26867K [0x00000000a2600000, 0x0000000100000000)
  region size 1024K, 4 young (4096K), 4 survivors (4096K)
 Metaspace       used 54221K, committed 54784K, reserved 1114112K
  class space    used 6802K, committed 7040K, reserved 1048576K
}
Event: 53.052 GC heap before
{Heap before GC invocations=13 (full 0):
 garbage-first heap   total 59392K, used 45299K [0x00000000a2600000, 0x0000000100000000)
  region size 1024K, 24 young (24576K), 4 survivors (4096K)
 Metaspace       used 59585K, committed 60096K, reserved 1114112K
  class space    used 7552K, committed 7808K, reserved 1048576K
}
Event: 53.063 GC heap after
{Heap after GC invocations=14 (full 0):
 garbage-first heap   total 59392K, used 27530K [0x00000000a2600000, 0x0000000100000000)
  region size 1024K, 3 young (3072K), 3 survivors (3072K)
 Metaspace       used 59585K, committed 60096K, reserved 1114112K
  class space    used 7552K, committed 7808K, reserved 1048576K
}
Event: 58.176 GC heap before
{Heap before GC invocations=15 (full 0):
 garbage-first heap   total 59392K, used 51082K [0x00000000a2600000, 0x0000000100000000)
  region size 1024K, 26 young (26624K), 3 survivors (3072K)
 Metaspace       used 62311K, committed 62912K, reserved 1114112K
  class space    used 8044K, committed 8320K, reserved 1048576K
}
Event: 58.182 GC heap after
{Heap after GC invocations=16 (full 0):
 garbage-first heap   total 71680K, used 28072K [0x00000000a2600000, 0x0000000100000000)
  region size 1024K, 3 young (3072K), 3 survivors (3072K)
 Metaspace       used 62311K, committed 62912K, reserved 1114112K
  class space    used 8044K, committed 8320K, reserved 1048576K
}
Event: 61.848 GC heap before
{Heap before GC invocations=16 (full 0):
 garbage-first heap   total 71680K, used 63912K [0x00000000a2600000, 0x0000000100000000)
  region size 1024K, 38 young (38912K), 3 survivors (3072K)
 Metaspace       used 69112K, committed 69824K, reserved 1114112K
  class space    used 8977K, committed 9344K, reserved 1048576K
}
Event: 61.860 GC heap after
{Heap after GC invocations=17 (full 0):
 garbage-first heap   total 71680K, used 29827K [0x00000000a2600000, 0x0000000100000000)
  region size 1024K, 5 young (5120K), 5 survivors (5120K)
 Metaspace       used 69112K, committed 69824K, reserved 1114112K
  class space    used 8977K, committed 9344K, reserved 1048576K
}
Event: 63.747 GC heap before
{Heap before GC invocations=17 (full 0):
 garbage-first heap   total 71680K, used 61571K [0x00000000a2600000, 0x0000000100000000)
  region size 1024K, 36 young (36864K), 5 survivors (5120K)
 Metaspace       used 71830K, committed 72512K, reserved 1114112K
  class space    used 9344K, committed 9664K, reserved 1048576K
}
Event: 63.758 GC heap after
{Heap after GC invocations=18 (full 0):
 garbage-first heap   total 71680K, used 31833K [0x00000000a2600000, 0x0000000100000000)
  region size 1024K, 5 young (5120K), 5 survivors (5120K)
 Metaspace       used 71830K, committed 72512K, reserved 1114112K
  class space    used 9344K, committed 9664K, reserved 1048576K
}

